# JRE version: OpenJDK Runtime Environment Temurin-21.0.11+10 (21.0.11+10) (build 21.0.11+10-LTS)
# Java VM: OpenJDK 64-Bit Server VM Temurin-21.0.11+10 (21.0.11+10-LTS, mixed mode, sharing, tiered, compressed oops, compressed class ptrs, g1 gc, windows-amd64)
GC Precious Log:
 CardTable entry size: 512
 Card Set container configuration: InlinePtr #cards 5 size 8 Array Of Cards #cards 12 size 40 Howl #buckets 4 coarsen threshold 1843 Howl Bitmap #cards 512 size 80 coarsen threshold 460 Card regions per heap region 1 cards per card region 2048
 CPUs: 8 total, 8 available
 Memory: 7455M
 Large Page Support: Disabled
 NUMA Support: Disabled
 Compressed Oops: Enabled (32-bit)
 Heap Region Size: 1M
 Heap Min Capacity: 8M
 Heap Initial Capacity: 118M
 Heap Max Capacity: 1864M
 Pre-touch: Disabled
 Parallel Workers: 8
 Concurrent Workers: 2
 Concurrent Refinement Workers: 8
 Periodic GC: Disabled
Heap:
 garbage-first heap   total 95232K, used 61391K [0x000000008b800000, 0x0000000100000000)
  region size 1024K, 17 young (17408K), 1 survivors (1024K)
 Metaspace       used 66222K, committed 67136K, reserved 1114112K
  class space    used 8593K, committed 9024K, reserved 1048576K
GC Heap History (20 events):
Event: 5.309 GC heap before
{Heap before GC invocations=8 (full 0):
 garbage-first heap   total 73728K, used 51505K [0x000000008b800000, 0x0000000100000000)
  region size 1024K, 31 young (31744K), 2 survivors (2048K)
 Metaspace       used 35621K, committed 36160K, reserved 1114112K
  class space    used 4451K, committed 4672K, reserved 1048576K
}
Event: 5.318 GC heap after
{Heap after GC invocations=9 (full 0):
 garbage-first heap   total 73728K, used 25715K [0x000000008b800000, 0x0000000100000000)
  region size 1024K, 5 young (5120K), 5 survivors (5120K)
 Metaspace       used 35621K, committed 36160K, reserved 1114112K
  class space    used 4451K, committed 4672K, reserved 1048576K
}
Event: 6.070 GC heap before
{Heap before GC invocations=10 (full 0):
 garbage-first heap   total 73728K, used 60531K [0x000000008b800000, 0x0000000100000000)
  region size 1024K, 39 young (39936K), 5 survivors (5120K)
 Metaspace       used 39237K, committed 39872K, reserved 1114112K
  class space    used 4993K, committed 5248K, reserved 1048576K
}
Event: 6.082 GC heap after
{Heap after GC invocations=11 (full 0):
 garbage-first heap   total 73728K, used 27875K [0x000000008b800000, 0x0000000100000000)
  region size 1024K, 3 young (3072K), 3 survivors (3072K)
 Metaspace       used 39237K, committed 39872K, reserved 1114112K
  class space    used 4993K, committed 5248K, reserved 1048576K
}
Event: 6.918 GC heap before
{Heap before GC invocations=11 (full 0):
 garbage-first heap   total 73728K, used 62691K [0x000000008b800000, 0x0000000100000000)
  region size 1024K, 37 young (37888K), 3 survivors (3072K)
 Metaspace       used 43578K, committed 44160K, reserved 1114112K
  class space    used 5615K, committed 5888K, reserved 1048576K
}
Event: 6.930 GC heap after
{Heap after GC invocations=12 (full 0):
 garbage-first heap   total 73728K, used 32363K [0x000000008b800000, 0x0000000100000000)
  region size 1024K, 5 young (5120K), 5 survivors (5120K)
 Metaspace       used 43578K, committed 44160K, reserved 1114112K
  class space    used 5615K, committed 5888K, reserved 1048576K
}
Event: 7.475 GC heap before
{Heap before GC invocations=12 (full 0):
 garbage-first heap   total 73728K, used 62059K [0x000000008b800000, 0x0000000100000000)
  region size 1024K, 34 young (34816K), 5 survivors (5120K)
 Metaspace       used 46990K, committed 47616K, reserved 1114112K
  class space    used 6105K, committed 6400K, reserved 1048576K
}
Event: 7.480 GC heap after
{Heap after GC invocations=13 (full 0):
 garbage-first heap   total 73728K, used 35555K [0x000000008b800000, 0x0000000100000000)
  region size 1024K, 3 young (3072K), 3 survivors (3072K)
 Metaspace       used 46990K, committed 47616K, reserved 1114112K
  class space    used 6105K, committed 6400K, reserved 1048576K
}
Event: 8.451 GC heap before
{Heap before GC invocations=13 (full 0):
 garbage-first heap   total 73728K, used 63203K [0x000000008b800000, 0x0000000100000000)
  region size 1024K, 30 young (30720K), 3 survivors (3072K)
 Metaspace       used 51655K, committed 52416K, reserved 1114112K
  class space    used 6882K, committed 7232K, reserved 1048576K
}
Event: 8.456 GC heap after
{Heap after GC invocations=14 (full 0):
 garbage-first heap   total 73728K, used 38665K [0x000000008b800000, 0x0000000100000000)
  region size 1024K, 3 young (3072K), 3 survivors (3072K)
 Metaspace       used 51655K, committed 52416K, reserved 1114112K
  class space    used 6882K, committed 7232K, reserved 1048576K
}
Event: 9.119 GC heap before
{Heap before GC invocations=14 (full 0):
 garbage-first heap   total 73728K, used 63241K [0x000000008b800000, 0x0000000100000000)
  region size 1024K, 28 young (28672K), 3 survivors (3072K)
 Metaspace       used 56076K, committed 56832K, reserved 1114112K
  class space    used 7447K, committed 7808K, reserved 1048576K
}
Event: 9.124 GC heap after
{Heap after GC invocations=15 (full 0):
 garbage-first heap   total 73728K, used 42727K [0x000000008b800000, 0x0000000100000000)
  region size 1024K, 4 young (4096K), 4 survivors (4096K)
 Metaspace       used 56076K, committed 56832K, reserved 1114112K
  class space    used 7447K, committed 7808K, reserved 1048576K
}
Event: 10.222 GC heap before
{Heap before GC invocations=16 (full 0):
 garbage-first heap   total 73728K, used 64231K [0x000000008b800000, 0x0000000100000000)
  region size 1024K, 26 young (26624K), 4 survivors (4096K)
 Metaspace       used 58203K, committed 59008K, reserved 1114112K
  class space    used 7765K, committed 8128K, reserved 1048576K
}
Event: 10.227 GC heap after
{Heap after GC invocations=17 (full 0):
 garbage-first heap   total 73728K, used 44237K [0x000000008b800000, 0x0000000100000000)
  region size 1024K, 2 young (2048K), 2 survivors (2048K)
 Metaspace       used 58203K, committed 59008K, reserved 1114112K
  class space    used 7765K, committed 8128K, reserved 1048576K
}
Event: 18.698 GC heap before
{Heap before GC invocations=17 (full 0):
 garbage-first heap   total 73728K, used 65741K [0x000000008b800000, 0x0000000100000000)
  region size 1024K, 23 young (23552K), 2 survivors (2048K)
 Metaspace       used 60918K, committed 61824K, reserved 1114112K
  class space    used 8102K, committed 8512K, reserved 1048576K
}
Event: 18.705 GC heap after
{Heap after GC invocations=18 (full 0):
 garbage-first heap   total 73728K, used 44494K [0x000000008b800000, 0x0000000100000000)
  region size 1024K, 3 young (3072K), 3 survivors (3072K)
 Metaspace       used 60918K, committed 61824K, reserved 1114112K
  class space    used 8102K, committed 8512K, reserved 1048576K
}
Event: 150.662 GC heap before
{Heap before GC invocations=18 (full 0):
 garbage-first heap   total 73728K, used 64974K [0x000000008b800000, 0x0000000100000000)
  region size 1024K, 24 young (24576K), 3 survivors (3072K)
 Metaspace       used 64709K, committed 65536K, reserved 1114112K
  class space    used 8579K, committed 8960K, reserved 1048576K
}
Event: 150.985 GC heap after
{Heap after GC invocations=19 (full 0):
 garbage-first heap   total 73728K, used 46432K [0x000000008b800000, 0x0000000100000000)
  region size 1024K, 3 young (3072K), 3 survivors (3072K)
 Metaspace       used 64709K, committed 65536K, reserved 1114112K
  class space    used 8579K, committed 8960K, reserved 1048576K
}
Event: 601.043 GC heap before
{Heap before GC invocations=20 (full 0):
 garbage-first heap   total 78848K, used 65888K [0x000000008b800000, 0x0000000100000000)
  region size 1024K, 23 young (23552K), 3 survivors (3072K)
 Metaspace       used 65592K, committed 66496K, reserved 1114112K
  class space    used 8582K, committed 8960K, reserved 1048576K
}
Event: 601.127 GC heap after
{Heap after GC invocations=21 (full 0):
 garbage-first heap   total 95232K, used 47055K [0x000000008b800000, 0x0000000100000000)
  region size 1024K, 1 young (1024K), 1 survivors (1024K)
 Metaspace       used 65592K, committed 66496K, reserved 1114112K
  class space    used 8582K, committed 8960K, reserved 1048576K
}

