# JRE version: OpenJDK Runtime Environment Temurin-21.0.12.1+1 (21.0.12.1+1) (build 21.0.12.1+1-LTS)
# Java VM: OpenJDK 64-Bit Server VM Temurin-21.0.12.1+1 (21.0.12.1+1-LTS, mixed mode, sharing, tiered, compressed oops, compressed class ptrs, parallel gc, windows-amd64)
GC Precious Log:
 CardTable entry size: 512
 CPUs: 6 total, 6 available
 Memory: 7900M
 Large Page Support: Disabled
 NUMA Support: Disabled
 Compressed Oops: Enabled (32-bit)
 Alignments: Space 512K, Generation 512K, Heap 2M
 Heap Min Capacity: 100M
 Heap Initial Capacity: 100M
 Heap Max Capacity: 2G
 Pre-touch: Disabled
 Parallel Workers: 6
Heap:
 PSYoungGen      total 3072K, used 1613K [0x00000000d5580000, 0x00000000d5900000, 0x0000000100000000)
  eden space 2560K, 51% used [0x00000000d5580000,0x00000000d56c74b0,0x00000000d5800000)
  from space 512K, 59% used [0x00000000d5880000,0x00000000d58cc010,0x00000000d5900000)
  to   space 512K, 0% used [0x00000000d5800000,0x00000000d5800000,0x00000000d5880000)
 ParOldGen       total 1332224K, used 566536K [0x0000000080000000, 0x00000000d1500000, 0x00000000d5580000)
  object space 1332224K, 42% used [0x0000000080000000,0x00000000a29423d0,0x00000000d1500000)
 Metaspace       used 86399K, committed 88256K, reserved 1179648K
  class space    used 9014K, committed 9792K, reserved 1048576K
GC Heap History (20 events):
Event: 2577.313 GC heap before
{Heap before GC invocations=2413 (full 4):
 PSYoungGen      total 1024K, used 588K [0x00000000d5580000, 0x00000000d5780000, 0x0000000100000000)
  eden space 512K, 89% used [0x00000000d5580000,0x00000000d55f3090,0x00000000d5600000)
  from space 512K, 25% used [0x00000000d5700000,0x00000000d5720000,0x00000000d5780000)
  to   space 512K, 0% used [0x00000000d5600000,0x00000000d5600000,0x00000000d5680000)
 ParOldGen       total 1332224K, used 563127K [0x0000000080000000, 0x00000000d1500000, 0x00000000d5580000)
  object space 1332224K, 42% used [0x0000000080000000,0x00000000a25edde8,0x00000000d1500000)
 Metaspace       used 86393K, committed 88256K, reserved 1179648K
  class space    used 9014K, committed 9792K, reserved 1048576K
}
Event: 2577.315 GC heap after
{Heap after GC invocations=2413 (full 4):
 PSYoungGen      total 1024K, used 160K [0x00000000d5580000, 0x00000000d5780000, 0x0000000100000000)
  eden space 512K, 0% used [0x00000000d5580000,0x00000000d5580000,0x00000000d5600000)
  from space 512K, 31% used [0x00000000d5600000,0x00000000d5628000,0x00000000d5680000)
  to   space 512K, 0% used [0x00000000d5700000,0x00000000d5700000,0x00000000d5780000)
 ParOldGen       total 1332224K, used 563159K [0x0000000080000000, 0x00000000d1500000, 0x00000000d5580000)
  object space 1332224K, 42% used [0x0000000080000000,0x00000000a25f5de8,0x00000000d1500000)
 Metaspace       used 86393K, committed 88256K, reserved 1179648K
  class space    used 9014K, committed 9792K, reserved 1048576K
}
Event: 2577.320 GC heap before
{Heap before GC invocations=2414 (full 4):
 PSYoungGen      total 1024K, used 672K [0x00000000d5580000, 0x00000000d5780000, 0x0000000100000000)
  eden space 512K, 100% used [0x00000000d5580000,0x00000000d5600000,0x00000000d5600000)
  from space 512K, 31% used [0x00000000d5600000,0x00000000d5628000,0x00000000d5680000)
  to   space 512K, 0% used [0x00000000d5700000,0x00000000d5700000,0x00000000d5780000)
 ParOldGen       total 1332224K, used 563159K [0x0000000080000000, 0x00000000d1500000, 0x00000000d5580000)
  object space 1332224K, 42% used [0x0000000080000000,0x00000000a25f5de8,0x00000000d1500000)
 Metaspace       used 86393K, committed 88256K, reserved 1179648K
  class space    used 9014K, committed 9792K, reserved 1048576K
}
Event: 2577.322 GC heap after
{Heap after GC invocations=2414 (full 4):
 PSYoungGen      total 1024K, used 423K [0x00000000d5580000, 0x00000000d5780000, 0x0000000100000000)
  eden space 512K, 0% used [0x00000000d5580000,0x00000000d5580000,0x00000000d5600000)
  from space 512K, 82% used [0x00000000d5700000,0x00000000d5769c30,0x00000000d5780000)
  to   space 512K, 0% used [0x00000000d5600000,0x00000000d5600000,0x00000000d5680000)
 ParOldGen       total 1332224K, used 563191K [0x0000000080000000, 0x00000000d1500000, 0x00000000d5580000)
  object space 1332224K, 42% used [0x0000000080000000,0x00000000a25fdde8,0x00000000d1500000)
 Metaspace       used 86393K, committed 88256K, reserved 1179648K
  class space    used 9014K, committed 9792K, reserved 1048576K
}
Event: 2577.324 GC heap before
{Heap before GC invocations=2415 (full 4):
 PSYoungGen      total 1024K, used 935K [0x00000000d5580000, 0x00000000d5780000, 0x0000000100000000)
  eden space 512K, 100% used [0x00000000d5580000,0x00000000d5600000,0x00000000d5600000)
  from space 512K, 82% used [0x00000000d5700000,0x00000000d5769c30,0x00000000d5780000)
  to   space 512K, 0% used [0x00000000d5600000,0x00000000d5600000,0x00000000d5680000)
 ParOldGen       total 1332224K, used 563191K [0x0000000080000000, 0x00000000d1500000, 0x00000000d5580000)
  object space 1332224K, 42% used [0x0000000080000000,0x00000000a25fdde8,0x00000000d1500000)
 Metaspace       used 86393K, committed 88256K, reserved 1179648K
  class space    used 9014K, committed 9792K, reserved 1048576K
}
Event: 2577.328 GC heap after
{Heap after GC invocations=2415 (full 4):
 PSYoungGen      total 1024K, used 320K [0x00000000d5580000, 0x00000000d5780000, 0x0000000100000000)
  eden space 512K, 0% used [0x00000000d5580000,0x00000000d5580000,0x00000000d5600000)
  from space 512K, 62% used [0x00000000d5600000,0x00000000d5650000,0x00000000d5680000)
  to   space 512K, 0% used [0x00000000d5700000,0x00000000d5700000,0x00000000d5780000)
 ParOldGen       total 1332224K, used 563526K [0x0000000080000000, 0x00000000d1500000, 0x00000000d5580000)
  object space 1332224K, 42% used [0x0000000080000000,0x00000000a2651a70,0x00000000d1500000)
 Metaspace       used 86393K, committed 88256K, reserved 1179648K
  class space    used 9014K, committed 9792K, reserved 1048576K
}
Event: 2577.331 GC heap before
{Heap before GC invocations=2416 (full 4):
 PSYoungGen      total 1024K, used 831K [0x00000000d5580000, 0x00000000d5780000, 0x0000000100000000)
  eden space 512K, 99% used [0x00000000d5580000,0x00000000d55ffff0,0x00000000d5600000)
  from space 512K, 62% used [0x00000000d5600000,0x00000000d5650000,0x00000000d5680000)
  to   space 512K, 0% used [0x00000000d5700000,0x00000000d5700000,0x00000000d5780000)
 ParOldGen       total 1332224K, used 563526K [0x0000000080000000, 0x00000000d1500000, 0x00000000d5580000)
  object space 1332224K, 42% used [0x0000000080000000,0x00000000a2651a70,0x00000000d1500000)
 Metaspace       used 86393K, committed 88256K, reserved 1179648K
  class space    used 9014K, committed 9792K, reserved 1048576K
}
Event: 2577.334 GC heap after
{Heap after GC invocations=2416 (full 4):
 PSYoungGen      total 1536K, used 400K [0x00000000d5580000, 0x00000000d5780000, 0x0000000100000000)
  eden space 1024K, 0% used [0x00000000d5580000,0x00000000d5580000,0x00000000d5680000)
  from space 512K, 78% used [0x00000000d5700000,0x00000000d5764010,0x00000000d5780000)
  to   space 512K, 0% used [0x00000000d5680000,0x00000000d5680000,0x00000000d5700000)
 ParOldGen       total 1332224K, used 563846K [0x0000000080000000, 0x00000000d1500000, 0x00000000d5580000)
  object space 1332224K, 42% used [0x0000000080000000,0x00000000a26a1a70,0x00000000d1500000)
 Metaspace       used 86393K, committed 88256K, reserved 1179648K
  class space    used 9014K, committed 9792K, reserved 1048576K
}
Event: 2577.337 GC heap before
{Heap before GC invocations=2417 (full 4):
 PSYoungGen      total 1536K, used 1424K [0x00000000d5580000, 0x00000000d5780000, 0x0000000100000000)
  eden space 1024K, 100% used [0x00000000d5580000,0x00000000d5680000,0x00000000d5680000)
  from space 512K, 78% used [0x00000000d5700000,0x00000000d5764010,0x00000000d5780000)
  to   space 512K, 0% used [0x00000000d5680000,0x00000000d5680000,0x00000000d5700000)
 ParOldGen       total 1332224K, used 563846K [0x0000000080000000, 0x00000000d1500000, 0x00000000d5580000)
  object space 1332224K, 42% used [0x0000000080000000,0x00000000a26a1a70,0x00000000d1500000)
 Metaspace       used 86393K, committed 88256K, reserved 1179648K
  class space    used 9014K, committed 9792K, reserved 1048576K
}
Event: 2577.341 GC heap after
{Heap after GC invocations=2417 (full 4):
 PSYoungGen      total 1536K, used 480K [0x00000000d5580000, 0x00000000d5a00000, 0x0000000100000000)
  eden space 1024K, 0% used [0x00000000d5580000,0x00000000d5580000,0x00000000d5680000)
  from space 512K, 93% used [0x00000000d5680000,0x00000000d56f8010,0x00000000d5700000)
  to   space 1536K, 0% used [0x00000000d5880000,0x00000000d5880000,0x00000000d5a00000)
 ParOldGen       total 1332224K, used 564310K [0x0000000080000000, 0x00000000d1500000, 0x00000000d5580000)
  object space 1332224K, 42% used [0x0000000080000000,0x00000000a2715a70,0x00000000d1500000)
 Metaspace       used 86393K, committed 88256K, reserved 1179648K
  class space    used 9014K, committed 9792K, reserved 1048576K
}
Event: 2577.346 GC heap before
{Heap before GC invocations=2418 (full 4):
 PSYoungGen      total 1536K, used 1504K [0x00000000d5580000, 0x00000000d5a00000, 0x0000000100000000)
  eden space 1024K, 100% used [0x00000000d5580000,0x00000000d5680000,0x00000000d5680000)
  from space 512K, 93% used [0x00000000d5680000,0x00000000d56f8010,0x00000000d5700000)
  to   space 1536K, 0% used [0x00000000d5880000,0x00000000d5880000,0x00000000d5a00000)
 ParOldGen       total 1332224K, used 564310K [0x0000000080000000, 0x00000000d1500000, 0x00000000d5580000)
  object space 1332224K, 42% used [0x0000000080000000,0x00000000a2715a70,0x00000000d1500000)
 Metaspace       used 86393K, committed 88256K, reserved 1179648K
  class space    used 9014K, committed 9792K, reserved 1048576K
}
Event: 2577.349 GC heap after
{Heap after GC invocations=2418 (full 4):
 PSYoungGen      total 2560K, used 640K [0x00000000d5580000, 0x00000000d5980000, 0x0000000100000000)
  eden space 1536K, 0% used [0x00000000d5580000,0x00000000d5580000,0x00000000d5700000)
  from space 1024K, 62% used [0x00000000d5880000,0x00000000d5920000,0x00000000d5980000)
  to   space 1024K, 0% used [0x00000000d5780000,0x00000000d5780000,0x00000000d5880000)
 ParOldGen       total 1332224K, used 564790K [0x0000000080000000, 0x00000000d1500000, 0x00000000d5580000)
  object space 1332224K, 42% used [0x0000000080000000,0x00000000a278da80,0x00000000d1500000)
 Metaspace       used 86393K, committed 88256K, reserved 1179648K
  class space    used 9014K, committed 9792K, reserved 1048576K
}
Event: 2577.368 GC heap before
{Heap before GC invocations=2419 (full 4):
 PSYoungGen      total 2560K, used 2138K [0x00000000d5580000, 0x00000000d5980000, 0x0000000100000000)
  eden space 1536K, 97% used [0x00000000d5580000,0x00000000d56f6810,0x00000000d5700000)
  from space 1024K, 62% used [0x00000000d5880000,0x00000000d5920000,0x00000000d5980000)
  to   space 1024K, 0% used [0x00000000d5780000,0x00000000d5780000,0x00000000d5880000)
 ParOldGen       total 1332224K, used 565592K [0x0000000080000000, 0x00000000d1500000, 0x00000000d5580000)
  object space 1332224K, 42% used [0x0000000080000000,0x00000000a28563d0,0x00000000d1500000)
 Metaspace       used 86393K, committed 88256K, reserved 1179648K
  class space    used 9014K, committed 9792K, reserved 1048576K
}
Event: 2577.372 GC heap after
{Heap after GC invocations=2419 (full 4):
 PSYoungGen      total 3072K, used 352K [0x00000000d5580000, 0x00000000d5900000, 0x0000000100000000)
  eden space 2048K, 0% used [0x00000000d5580000,0x00000000d5580000,0x00000000d5780000)
  from space 1024K, 34% used [0x00000000d5780000,0x00000000d57d8000,0x00000000d5880000)
  to   space 512K, 0% used [0x00000000d5880000,0x00000000d5880000,0x00000000d5900000)
 ParOldGen       total 1332224K, used 566208K [0x0000000080000000, 0x00000000d1500000, 0x00000000d5580000)
  object space 1332224K, 42% used [0x0000000080000000,0x00000000a28f03d0,0x00000000d1500000)
 Metaspace       used 86393K, committed 88256K, reserved 1179648K
  class space    used 9014K, committed 9792K, reserved 1048576K
}
Event: 2578.605 GC heap before
{Heap before GC invocations=2420 (full 4):
 PSYoungGen      total 3072K, used 2380K [0x00000000d5580000, 0x00000000d5900000, 0x0000000100000000)
  eden space 2048K, 99% used [0x00000000d5580000,0x00000000d577b1b8,0x00000000d5780000)
  from space 1024K, 34% used [0x00000000d5780000,0x00000000d57d8000,0x00000000d5880000)
  to   space 512K, 0% used [0x00000000d5880000,0x00000000d5880000,0x00000000d5900000)
 ParOldGen       total 1332224K, used 566208K [0x0000000080000000, 0x00000000d1500000, 0x00000000d5580000)
  object space 1332224K, 42% used [0x0000000080000000,0x00000000a28f03d0,0x00000000d1500000)
 Metaspace       used 86393K, committed 88256K, reserved 1179648K
  class space    used 9014K, committed 9792K, reserved 1048576K
}
Event: 2578.609 GC heap after
{Heap after GC invocations=2420 (full 4):
 PSYoungGen      total 3072K, used 128K [0x00000000d5580000, 0x00000000d5900000, 0x0000000100000000)
  eden space 2560K, 0% used [0x00000000d5580000,0x00000000d5580000,0x00000000d5800000)
  from space 512K, 25% used [0x00000000d5880000,0x00000000d58a0000,0x00000000d5900000)
  to   space 512K, 0% used [0x00000000d5800000,0x00000000d5800000,0x00000000d5880000)
 ParOldGen       total 1332224K, used 566472K [0x0000000080000000, 0x00000000d1500000, 0x00000000d5580000)
  object space 1332224K, 42% used [0x0000000080000000,0x00000000a29323d0,0x00000000d1500000)
 Metaspace       used 86393K, committed 88256K, reserved 1179648K
  class space    used 9014K, committed 9792K, reserved 1048576K
}
Event: 2580.946 GC heap before
{Heap before GC invocations=2421 (full 4):
 PSYoungGen      total 3072K, used 2688K [0x00000000d5580000, 0x00000000d5900000, 0x0000000100000000)
  eden space 2560K, 100% used [0x00000000d5580000,0x00000000d5800000,0x00000000d5800000)
  from space 512K, 25% used [0x00000000d5880000,0x00000000d58a0000,0x00000000d5900000)
  to   space 512K, 0% used [0x00000000d5800000,0x00000000d5800000,0x00000000d5880000)
 ParOldGen       total 1332224K, used 566472K [0x0000000080000000, 0x00000000d1500000, 0x00000000d5580000)
  object space 1332224K, 42% used [0x0000000080000000,0x00000000a29323d0,0x00000000d1500000)
 Metaspace       used 86393K, committed 88256K, reserved 1179648K
  class space    used 9014K, committed 9792K, reserved 1048576K
}
Event: 2580.949 GC heap after
{Heap after GC invocations=2421 (full 4):
 PSYoungGen      total 3072K, used 192K [0x00000000d5580000, 0x00000000d5900000, 0x0000000100000000)
  eden space 2560K, 0% used [0x00000000d5580000,0x00000000d5580000,0x00000000d5800000)
  from space 512K, 37% used [0x00000000d5800000,0x00000000d5830000,0x00000000d5880000)
  to   space 512K, 0% used [0x00000000d5880000,0x00000000d5880000,0x00000000d5900000)
 ParOldGen       total 1332224K, used 566512K [0x0000000080000000, 0x00000000d1500000, 0x00000000d5580000)
  object space 1332224K, 42% used [0x0000000080000000,0x00000000a293c3d0,0x00000000d1500000)
 Metaspace       used 86393K, committed 88256K, reserved 1179648K
  class space    used 9014K, committed 9792K, reserved 1048576K
}
Event: 2593.693 GC heap before
{Heap before GC invocations=2422 (full 4):
 PSYoungGen      total 3072K, used 2752K [0x00000000d5580000, 0x00000000d5900000, 0x0000000100000000)
  eden space 2560K, 100% used [0x00000000d5580000,0x00000000d5800000,0x00000000d5800000)
  from space 512K, 37% used [0x00000000d5800000,0x00000000d5830000,0x00000000d5880000)
  to   space 512K, 0% used [0x00000000d5880000,0x00000000d5880000,0x00000000d5900000)
 ParOldGen       total 1332224K, used 566512K [0x0000000080000000, 0x00000000d1500000, 0x00000000d5580000)
  object space 1332224K, 42% used [0x0000000080000000,0x00000000a293c3d0,0x00000000d1500000)
 Metaspace       used 86399K, committed 88256K, reserved 1179648K
  class space    used 9014K, committed 9792K, reserved 1048576K
}
Event: 2593.697 GC heap after
{Heap after GC invocations=2422 (full 4):
 PSYoungGen      total 3072K, used 304K [0x00000000d5580000, 0x00000000d5900000, 0x0000000100000000)
  eden space 2560K, 0% used [0x00000000d5580000,0x00000000d5580000,0x00000000d5800000)
  from space 512K, 59% used [0x00000000d5880000,0x00000000d58cc010,0x00000000d5900000)
  to   space 512K, 0% used [0x00000000d5800000,0x00000000d5800000,0x00000000d5880000)
 ParOldGen       total 1332224K, used 566536K [0x0000000080000000, 0x00000000d1500000, 0x00000000d5580000)
  object space 1332224K, 42% used [0x0000000080000000,0x00000000a29423d0,0x00000000d1500000)
 Metaspace       used 86399K, committed 88256K, reserved 1179648K
  class space    used 9014K, committed 9792K, reserved 1048576K
}

